[2025-05-27T00:24:06.684Z] [INFO] AI 채팅 요청 - 사용자: 1, 세션: default, 메시지: 안녕금보가.
[2025-05-27T00:24:06.685Z] [INFO] AI 메시지 처리 시작 - 사용자: 1, 세션: default, 메시지: 안녕금보가.
[2025-05-27T00:24:06.685Z] [INFO] 대화형 소비내역 처리 시작: 안녕금보가. {
  "pendingExpenseData": null,
  "waitingForDateConfirmation": false
}
[2025-05-27T00:24:06.687Z] [INFO] 파싱 시도 - 입력 텍스트: 안녕금보가.
[2025-05-27T00:24:06.687Z] [INFO] 추출된 금액: 0
[2025-05-27T00:24:06.689Z] [INFO] 파싱 시도 - 입력 텍스트: 안녕금보가.
[2025-05-27T00:24:06.692Z] [INFO] 추출된 금액: 0
[2025-05-27T00:24:20.729Z] [INFO] AI 채팅 요청 - 사용자: 1, 세션: default, 메시지: 밤에 5000 원어치 아침 먹어?
[2025-05-27T00:24:20.732Z] [INFO] AI 메시지 처리 시작 - 사용자: 1, 세션: default, 메시지: 밤에 5000 원어치 아침 먹어?
[2025-05-27T00:24:20.735Z] [INFO] 대화형 소비내역 처리 시작: 밤에 5000 원어치 아침 먹어? {
  "pendingExpenseData": null,
  "waitingForDateConfirmation": false
}
[2025-05-27T00:24:20.737Z] [INFO] 파싱 시도 - 입력 텍스트: 밤에 5000 원어치 아침 먹어?
[2025-05-27T00:24:20.739Z] [INFO] 추출된 금액: 5000
[2025-05-27T00:24:20.742Z] [INFO] 금액 감지: 5000원, 카테고리: 식비, 가맹점: 일반음식점
[2025-05-27T00:24:20.744Z] [INFO] 소비내역 감지됨: {
  "amount": 5000,
  "category": "식비",
  "merchantName": "일반음식점",
  "originalText": "밤에 5000 원어치 아침 먹어?",
  "transactionDate": null,
  "needsDateConfirmation": true
}
[2025-05-27T00:24:20.745Z] [INFO] 날짜 확인 필요
[2025-05-27T00:24:20.856Z] [INFO] 대화형 처리 결과: {
  "type": "ask_date",
  "data": {
    "amount": 5000,
    "category": "식비",
    "merchantName": "일반음식점",
    "originalText": "밤에 5000 원어치 아침 먹어?",
    "transactionDate": null,
    "needsDateConfirmation": true
  },
  "message": "5,000원 지출을 기록하겠습니다. 정확한 날짜를 알려주시면 더 정확한 가계부가 될 거예요!"
}
[2025-05-27T00:25:20.164Z] [INFO] AI 채팅 요청 - 사용자: 1, 세션: default, 메시지: 금복아 나 오늘 먹었어 오늘?
[2025-05-27T00:25:20.165Z] [INFO] AI 메시지 처리 시작 - 사용자: 1, 세션: default, 메시지: 금복아 나 오늘 먹었어 오늘?
[2025-05-27T00:25:20.165Z] [INFO] 대화형 소비내역 처리 시작: 금복아 나 오늘 먹었어 오늘? {
  "pendingExpenseData": {
    "amount": 5000,
    "category": "식비",
    "merchantName": "일반음식점",
    "originalText": "밤에 5000 원어치 아침 먹어?",
    "transactionDate": null,
    "needsDateConfirmation": true
  },
  "waitingForDateConfirmation": true
}
[2025-05-27T00:25:20.165Z] [INFO] 날짜 확인 응답 처리
[2025-05-27T00:25:20.166Z] [INFO] 최종 소비내역 데이터: {
  "amount": 5000,
  "category": "식비",
  "merchantName": "일반음식점",
  "originalText": "밤에 5000 원어치 아침 먹어?",
  "transactionDate": "2025-05-27",
  "needsDateConfirmation": true
}
[2025-05-27T00:25:20.167Z] [INFO] 대화형 처리 결과: {
  "type": "save_expense",
  "data": {
    "amount": 5000,
    "category": "식비",
    "merchantName": "일반음식점",
    "originalText": "밤에 5000 원어치 아침 먹어?",
    "transactionDate": "2025-05-27",
    "needsDateConfirmation": true
  },
  "dateFormatted": "오늘"
}
[2025-05-27T00:25:20.170Z] [INFO] 소비내역 저장 시도: {
  "amount": 5000,
  "category": "식비",
  "merchantName": "일반음식점",
  "originalText": "밤에 5000 원어치 아침 먹어?",
  "transactionDate": "2025-05-27",
  "needsDateConfirmation": true
}
[2025-05-27T00:25:20.357Z] [INFO] 소비 내역 저장 성공: 10
[2025-05-27T00:25:38.434Z] [INFO] AI 채팅 요청 - 사용자: 1, 세션: default, 메시지: 군복아 나 오늘 얼마 썼는지 알려줘.
[2025-05-27T00:25:38.436Z] [INFO] AI 메시지 처리 시작 - 사용자: 1, 세션: default, 메시지: 군복아 나 오늘 얼마 썼는지 알려줘.
[2025-05-27T00:25:38.439Z] [INFO] 대화형 소비내역 처리 시작: 군복아 나 오늘 얼마 썼는지 알려줘. {
  "pendingExpenseData": null,
  "waitingForDateConfirmation": false
}
[2025-05-27T00:25:38.441Z] [INFO] 파싱 시도 - 입력 텍스트: 군복아 나 오늘 얼마 썼는지 알려줘.
[2025-05-27T00:25:38.443Z] [INFO] 추출된 금액: 0
[2025-05-27T00:25:38.445Z] [INFO] 소비내역 조회 요청 감지: {
  "isExpenseInquiry": true,
  "period": "today",
  "periodText": "오늘",
  "customMonth": null,
  "isReport": false
}
[2025-05-27T00:26:02.127Z] [INFO] AI 채팅 요청 - 사용자: 1, 세션: default, 메시지: 어제 얼마 썼는지 알려줘.
[2025-05-27T00:26:02.127Z] [INFO] AI 메시지 처리 시작 - 사용자: 1, 세션: default, 메시지: 어제 얼마 썼는지 알려줘.
[2025-05-27T00:26:02.128Z] [INFO] 대화형 소비내역 처리 시작: 어제 얼마 썼는지 알려줘. {
  "pendingExpenseData": null,
  "waitingForDateConfirmation": false
}
[2025-05-27T00:26:02.128Z] [INFO] 파싱 시도 - 입력 텍스트: 어제 얼마 썼는지 알려줘.
[2025-05-27T00:26:02.128Z] [INFO] 추출된 금액: 0
[2025-05-27T00:26:02.129Z] [INFO] 소비내역 조회 요청 감지: {
  "isExpenseInquiry": true,
  "period": "yesterday",
  "periodText": "어제",
  "customMonth": null,
  "isReport": false
}
[2025-05-27T00:26:16.947Z] [INFO] AI 채팅 요청 - 사용자: 1, 세션: default, 메시지: 5월 26일에 쓴 돈 알려줘.
[2025-05-27T00:26:16.948Z] [INFO] AI 메시지 처리 시작 - 사용자: 1, 세션: default, 메시지: 5월 26일에 쓴 돈 알려줘.
[2025-05-27T00:26:16.951Z] [INFO] 대화형 소비내역 처리 시작: 5월 26일에 쓴 돈 알려줘. {
  "pendingExpenseData": null,
  "waitingForDateConfirmation": false
}
[2025-05-27T00:26:16.953Z] [INFO] 파싱 시도 - 입력 텍스트: 5월 26일에 쓴 돈 알려줘.
[2025-05-27T00:26:16.954Z] [INFO] 추출된 금액: 0
[2025-05-27T00:26:16.957Z] [INFO] 파싱 시도 - 입력 텍스트: 5월 26일에 쓴 돈 알려줘.
[2025-05-27T00:26:16.959Z] [INFO] 추출된 금액: 0
[2025-05-27T00:26:35.844Z] [INFO] AI 채팅 요청 - 사용자: 1, 세션: default, 메시지: 5월 26일에 너 얼마 쓰는지 알려줘.
[2025-05-27T00:26:35.846Z] [INFO] AI 메시지 처리 시작 - 사용자: 1, 세션: default, 메시지: 5월 26일에 너 얼마 쓰는지 알려줘.
[2025-05-27T00:26:35.848Z] [INFO] 대화형 소비내역 처리 시작: 5월 26일에 너 얼마 쓰는지 알려줘. {
  "pendingExpenseData": null,
  "waitingForDateConfirmation": false
}
[2025-05-27T00:26:35.850Z] [INFO] 파싱 시도 - 입력 텍스트: 5월 26일에 너 얼마 쓰는지 알려줘.
[2025-05-27T00:26:35.852Z] [INFO] 추출된 금액: 0
[2025-05-27T00:26:35.855Z] [INFO] 파싱 시도 - 입력 텍스트: 5월 26일에 너 얼마 쓰는지 알려줘.
[2025-05-27T00:26:35.858Z] [INFO] 추출된 금액: 0
[2025-05-27T00:26:43.888Z] [INFO] AI 채팅 요청 - 사용자: 1, 세션: default, 메시지: 661에 돈 얼마나 쓰는지 알려달라고.
[2025-05-27T00:26:43.890Z] [INFO] AI 메시지 처리 시작 - 사용자: 1, 세션: default, 메시지: 661에 돈 얼마나 쓰는지 알려달라고.
[2025-05-27T00:26:43.891Z] [INFO] 대화형 소비내역 처리 시작: 661에 돈 얼마나 쓰는지 알려달라고. {
  "pendingExpenseData": null,
  "waitingForDateConfirmation": false
}
[2025-05-27T00:26:43.893Z] [INFO] 파싱 시도 - 입력 텍스트: 661에 돈 얼마나 쓰는지 알려달라고.
[2025-05-27T00:26:43.893Z] [INFO] 추출된 금액: 0
[2025-05-27T00:26:43.895Z] [INFO] 소비내역 조회 요청 감지: {
  "isExpenseInquiry": true,
  "period": "recent",
  "periodText": "최근",
  "customMonth": null,
  "isReport": false
}
[2025-05-27T00:27:48.670Z] [INFO] AI 채팅 요청 - 사용자: 1, 세션: default, 메시지: 금복아 나 오늘 뭐 할까?
[2025-05-27T00:27:48.671Z] [INFO] AI 메시지 처리 시작 - 사용자: 1, 세션: default, 메시지: 금복아 나 오늘 뭐 할까?
[2025-05-27T00:27:48.671Z] [INFO] 대화형 소비내역 처리 시작: 금복아 나 오늘 뭐 할까? {
  "pendingExpenseData": null,
  "waitingForDateConfirmation": false
}
[2025-05-27T00:27:48.672Z] [INFO] 파싱 시도 - 입력 텍스트: 금복아 나 오늘 뭐 할까?
[2025-05-27T00:27:48.672Z] [INFO] 추출된 금액: 0
[2025-05-27T00:27:48.673Z] [INFO] 파싱 시도 - 입력 텍스트: 금복아 나 오늘 뭐 할까?
[2025-05-27T00:27:48.673Z] [INFO] 추출된 금액: 0
[2025-05-27T00:52:00.661Z] [INFO] AI 채팅 요청 - 사용자: 1, 세션: default, 메시지: 나 오늘 뭐할까?
[2025-05-27T00:52:00.662Z] [INFO] AI 메시지 처리 시작 - 사용자: 1, 세션: default, 메시지: 나 오늘 뭐할까?
[2025-05-27T00:52:00.663Z] [INFO] 복지서비스 추천 요청 감지: {
  "isActivityRequest": true,
  "specificCategory": null,
  "originalMessage": "나 오늘 뭐할까?"
}
[2025-05-27T00:52:00.664Z] [INFO] 복지서비스 추천 생성 시작: {
  "specificCategory": null,
  "userId": 1
}
[2025-05-27T00:52:22.920Z] [INFO] AI 채팅 요청 - 사용자: 1, 세션: default, 메시지: 복지서비스 알려줘
[2025-05-27T00:52:22.921Z] [INFO] AI 메시지 처리 시작 - 사용자: 1, 세션: default, 메시지: 복지서비스 알려줘
[2025-05-27T00:52:22.922Z] [INFO] 복지서비스 추천 요청 감지: {
  "isActivityRequest": true,
  "specificCategory": null,
  "originalMessage": "복지서비스 알려줘"
}
[2025-05-27T00:52:22.922Z] [INFO] 복지서비스 추천 생성 시작: {
  "specificCategory": null,
  "userId": 1
}
[2025-05-27T01:33:50.108Z] [INFO] AI 채팅 요청 - 사용자: 1, 세션: default, 메시지: 나 오늘 뭐할까?
[2025-05-27T01:33:50.109Z] [INFO] AI 메시지 처리 시작 - 사용자: 1, 세션: default, 메시지: 나 오늘 뭐할까?
[2025-05-27T01:33:50.110Z] [INFO] 복지서비스 추천 요청 감지: {
  "isActivityRequest": true,
  "specificCategory": null,
  "originalMessage": "나 오늘 뭐할까?"
}
[2025-05-27T01:33:50.110Z] [INFO] 복지서비스 추천 생성 시작: {
  "specificCategory": null,
  "userId": 1
}
[2025-05-27T01:33:50.117Z] [INFO] 추천할 복지서비스가 없습니다.
[2025-05-27T01:34:14.827Z] [INFO] AI 채팅 요청 - 사용자: 1, 세션: default, 메시지: 복지서비스 알려줘
[2025-05-27T01:34:14.827Z] [INFO] AI 메시지 처리 시작 - 사용자: 1, 세션: default, 메시지: 복지서비스 알려줘
[2025-05-27T01:34:14.828Z] [INFO] 복지서비스 추천 요청 감지: {
  "isActivityRequest": true,
  "specificCategory": null,
  "originalMessage": "복지서비스 알려줘"
}
[2025-05-27T01:34:14.829Z] [INFO] 복지서비스 추천 생성 시작: {
  "specificCategory": null,
  "userId": 1
}
[2025-05-27T01:34:14.834Z] [INFO] 추천할 복지서비스가 없습니다.
[2025-05-27T01:45:58.545Z] [INFO] AI 채팅 요청 - 사용자: 1, 세션: default, 메시지: 복지서비스 알려줘
[2025-05-27T01:45:58.545Z] [INFO] AI 메시지 처리 시작 - 사용자: 1, 세션: default, 메시지: 복지서비스 알려줘
[2025-05-27T01:45:58.547Z] [INFO] 복지서비스 추천 요청 감지: {
  "isActivityRequest": true,
  "specificCategory": null,
  "originalMessage": "복지서비스 알려줘"
}
[2025-05-27T01:45:58.549Z] [INFO] 복지서비스 추천 생성 시작: {
  "specificCategory": null,
  "userId": 1
}
[2025-05-27T01:45:58.559Z] [INFO] 추천할 복지서비스 수: 3
[2025-05-27T01:47:14.941Z] [INFO] AI 채팅 요청 - 사용자: 1, 세션: default, 메시지: 오늘 뭐할까?
[2025-05-27T01:47:14.943Z] [INFO] AI 메시지 처리 시작 - 사용자: 1, 세션: default, 메시지: 오늘 뭐할까?
[2025-05-27T01:47:14.945Z] [INFO] 복지서비스 추천 요청 감지: {
  "isActivityRequest": true,
  "specificCategory": null,
  "originalMessage": "오늘 뭐할까?"
}
[2025-05-27T01:47:14.946Z] [INFO] 복지서비스 추천 생성 시작: {
  "specificCategory": null,
  "userId": 1
}
[2025-05-27T01:47:14.957Z] [INFO] 추천할 복지서비스 수: 3
[2025-05-27T02:02:53.969Z] [INFO] AI 채팅 요청 - 사용자: 1, 세션: default, 메시지: 오늘 뭐할까
[2025-05-27T02:02:53.971Z] [INFO] AI 메시지 처리 시작 - 사용자: 1, 세션: default, 메시지: 오늘 뭐할까
[2025-05-27T02:02:53.972Z] [INFO] 복지서비스 추천 요청 감지: {
  "isActivityRequest": true,
  "specificCategory": null,
  "originalMessage": "오늘 뭐할까"
}
[2025-05-27T02:02:53.972Z] [INFO] 복지서비스 추천 생성 시작: {
  "specificCategory": null,
  "userId": 1
}
[2025-05-27T02:02:53.978Z] [INFO] 추천할 복지서비스 수: 3
[2025-05-27T02:03:24.485Z] [INFO] AI 채팅 요청 - 사용자: 1, 세션: default, 메시지: 장애인활동 지원 자세히 알려줘
[2025-05-27T02:03:24.485Z] [INFO] AI 메시지 처리 시작 - 사용자: 1, 세션: default, 메시지: 장애인활동 지원 자세히 알려줘
[2025-05-27T02:03:24.486Z] [INFO] 복지서비스 상세정보 요청 감지
[2025-05-27T05:27:48.621Z] [INFO] AI 채팅 요청 - 사용자: 1, 세션: default, 메시지: 나랑 잘 맞는 복지 서비스에 대해 알려줘 
[2025-05-27T05:27:48.622Z] [INFO] AI 메시지 처리 시작 - 사용자: 1, 세션: default, 메시지: 나랑 잘 맞는 복지 서비스에 대해 알려줘 
[2025-05-27T05:27:48.623Z] [INFO] 복지서비스 추천 요청 감지: {
  "isActivityRequest": true,
  "specificCategory": null,
  "originalMessage": "나랑 잘 맞는 복지 서비스에 대해 알려줘 "
}
[2025-05-27T05:27:48.624Z] [INFO] 복지서비스 추천 생성 시작: {
  "specificCategory": null,
  "userId": 1
}
[2025-05-27T05:27:48.646Z] [INFO] 추천할 복지서비스가 없습니다.
[2025-05-27T05:47:24.162Z] [INFO] AI 채팅 요청 - 사용자: 1, 세션: default, 메시지: 7호 사이트로 이동해 줘
[2025-05-27T05:47:24.164Z] [INFO] AI 메시지 처리 시작 - 사용자: 1, 세션: default, 메시지: 7호 사이트로 이동해 줘
[2025-05-27T05:47:24.166Z] [INFO] 파싱 시도 - 입력 텍스트: 7호 사이트로 이동해 줘
[2025-05-27T05:47:34.337Z] [INFO] AI 채팅 요청 - 사용자: 1, 세션: default, 메시지: 사이트로 이동해 줘
[2025-05-27T05:47:34.337Z] [INFO] AI 메시지 처리 시작 - 사용자: 1, 세션: default, 메시지: 사이트로 이동해 줘
[2025-05-27T05:47:34.338Z] [INFO] 파싱 시도 - 입력 텍스트: 사이트로 이동해 줘
[2025-05-27T05:47:40.392Z] [INFO] AI 채팅 요청 - 사용자: 1, 세션: default, 메시지: 복지로 사이트로 이동해줘
[2025-05-27T05:47:40.392Z] [INFO] AI 메시지 처리 시작 - 사용자: 1, 세션: default, 메시지: 복지로 사이트로 이동해줘
[2025-05-27T05:47:40.393Z] [INFO] 복지로 사이트 이동 요청 감지
[2025-05-27T05:49:34.017Z] [INFO] AI 채팅 요청 - 사용자: 1, 세션: default, 메시지: 복지로 사이트 이동해줘
[2025-05-27T05:49:34.018Z] [INFO] AI 메시지 처리 시작 - 사용자: 1, 세션: default, 메시지: 복지로 사이트 이동해줘
[2025-05-27T05:49:34.019Z] [INFO] 복지로 사이트 이동 요청 감지
[2025-05-27T05:59:56.668Z] [INFO] AI 채팅 요청 - 사용자: 1, 세션: default, 메시지: 내 소비내역 알려줘
[2025-05-27T05:59:56.668Z] [INFO] AI 메시지 처리 시작 - 사용자: 1, 세션: default, 메시지: 내 소비내역 알려줘
[2025-05-27T05:59:56.669Z] [INFO] 파싱 시도 - 입력 텍스트: 내 소비내역 알려줘
[2025-05-27T06:00:04.203Z] [INFO] AI 채팅 요청 - 사용자: 1, 세션: default, 메시지: 내 소비내역 알려줘
[2025-05-27T06:00:04.204Z] [INFO] AI 메시지 처리 시작 - 사용자: 1, 세션: default, 메시지: 내 소비내역 알려줘
[2025-05-27T06:00:04.204Z] [INFO] 파싱 시도 - 입력 텍스트: 내 소비내역 알려줘
[2025-05-27T06:00:21.300Z] [INFO] AI 채팅 요청 - 사용자: 1, 세션: default, 메시지: 내 한달 소비내역 알려달라고
[2025-05-27T06:00:21.300Z] [INFO] AI 메시지 처리 시작 - 사용자: 1, 세션: default, 메시지: 내 한달 소비내역 알려달라고
[2025-05-27T06:00:21.301Z] [INFO] 파싱 시도 - 입력 텍스트: 내 한달 소비내역 알려달라고
[2025-05-27T06:05:25.947Z] [INFO] AI 채팅 요청 - 사용자: 1, 세션: default, 메시지: 내 소비내역 알려줘
[2025-05-27T06:05:25.947Z] [INFO] AI 메시지 처리 시작 - 사용자: 1, 세션: default, 메시지: 내 소비내역 알려줘
[2025-05-27T06:05:25.948Z] [INFO] 소비내역 조회 요청 감지
[2025-05-27T06:09:17.897Z] [INFO] AI 채팅 요청 - 사용자: 1, 세션: default, 메시지: 내 소비내역 알려줘
[2025-05-27T06:09:17.898Z] [INFO] AI 메시지 처리 시작 - 사용자: 1, 세션: default, 메시지: 내 소비내역 알려줘
[2025-05-27T06:09:17.899Z] [INFO] 소비내역 조회 요청 감지
[2025-05-27T06:10:19.770Z] [INFO] AI 채팅 요청 - 사용자: 1, 세션: default, 메시지: 5월 소비내역 중 가장 적게사용한 카테고리는 뭐야? 
[2025-05-27T06:10:19.771Z] [INFO] AI 메시지 처리 시작 - 사용자: 1, 세션: default, 메시지: 5월 소비내역 중 가장 적게사용한 카테고리는 뭐야? 
[2025-05-27T06:10:19.772Z] [INFO] 소비내역 조회 요청 감지
[2025-05-27T09:12:34.017Z] [INFO] AI 채팅 요청 - 사용자: 1, 세션: default, 메시지: 내 최근 소비내역 중 가장 비싼건 뭐였어?
[2025-05-27T09:12:34.017Z] [INFO] AI 메시지 처리 시작 - 사용자: 1, 세션: default, 메시지: 내 최근 소비내역 중 가장 비싼건 뭐였어?
[2025-05-27T09:12:34.018Z] [INFO] 소비내역 조회 요청 감지
[2025-05-27T09:12:34.018Z] [INFO] 질문 의도 분석 결과: {
  "type": "general_inquiry",
  "intent": "expense_overview"
}
[2025-05-27T09:13:06.484Z] [INFO] AI 채팅 요청 - 사용자: 1, 세션: default, 메시지: 최근 소비내역중 식비는 몇퍼센트야? 
[2025-05-27T09:13:06.484Z] [INFO] AI 메시지 처리 시작 - 사용자: 1, 세션: default, 메시지: 최근 소비내역중 식비는 몇퍼센트야? 
[2025-05-27T09:13:06.484Z] [INFO] 소비내역 조회 요청 감지
[2025-05-27T09:13:06.485Z] [INFO] 질문 의도 분석 결과: {
  "type": "general_inquiry",
  "intent": "expense_overview"
}
[2025-05-27T09:14:04.207Z] [INFO] AI 채팅 요청 - 사용자: 1, 세션: default, 메시지: 내 소비내역에서 병원의 비율은 어떻게 돼?
[2025-05-27T09:14:04.209Z] [INFO] AI 메시지 처리 시작 - 사용자: 1, 세션: default, 메시지: 내 소비내역에서 병원의 비율은 어떻게 돼?
[2025-05-27T09:14:04.210Z] [INFO] 소비내역 조회 요청 감지
[2025-05-27T09:14:04.212Z] [INFO] 질문 의도 분석 결과: {
  "type": "general_inquiry",
  "intent": "expense_overview"
}
[2025-05-27T10:37:26.928Z] [INFO] AI 채팅 요청 - 사용자: 1, 세션: default, 메시지: 내 질병이 암인데 그에 맞는 복지 서비스 알려줘
[2025-05-27T10:37:26.933Z] [INFO] AI 메시지 처리 시작 - 사용자: 1, 세션: default, 메시지: 내 질병이 암인데 그에 맞는 복지 서비스 알려줘
[2025-05-27T10:37:26.938Z] [INFO] 복지서비스 추천 요청 감지: {
  "isActivityRequest": true,
  "specificCategory": null,
  "originalMessage": "내 질병이 암인데 그에 맞는 복지 서비스 알려줘"
}
[2025-05-27T10:37:26.943Z] [INFO] 복지서비스 추천 생성 시작: {
  "specificCategory": null,
  "userId": 1
}
[2025-05-27T10:37:27.018Z] [INFO] 추천할 복지서비스가 없습니다.
[2025-05-27T10:39:05.376Z] [INFO] AI 채팅 요청 - 사용자: 1, 세션: default, 메시지: 복지서비스 알려줘
[2025-05-27T10:39:05.377Z] [INFO] AI 메시지 처리 시작 - 사용자: 1, 세션: default, 메시지: 복지서비스 알려줘
[2025-05-27T10:39:05.377Z] [INFO] 복지서비스 추천 요청 감지: {
  "isActivityRequest": true,
  "specificCategory": null,
  "originalMessage": "복지서비스 알려줘"
}
[2025-05-27T10:39:05.378Z] [INFO] 복지서비스 추천 생성 시작: {
  "specificCategory": null,
  "userId": 1
}
[2025-05-27T10:39:05.394Z] [INFO] 추천할 복지서비스가 없습니다.
[2025-05-27T14:34:46.421Z] [INFO] AI 채팅 요청 - 사용자: 1, 세션: default, 메시지: 5000원 점심 먹었어
[2025-05-27T14:34:46.425Z] [INFO] AI 메시지 처리 시작 - 사용자: 1, 세션: default, 메시지: 5000원 점심 먹었어
[2025-05-27T14:34:46.426Z] [INFO] 파싱 시도 - 입력 텍스트: 5000원 점심 먹었어
[2025-05-27T14:35:04.525Z] [INFO] AI 채팅 요청 - 사용자: 1, 세션: default, 메시지: 5,000원 점심 먹었어
[2025-05-27T14:35:04.526Z] [INFO] AI 메시지 처리 시작 - 사용자: 1, 세션: default, 메시지: 5,000원 점심 먹었어
[2025-05-27T14:35:04.527Z] [INFO] 파싱 시도 - 입력 텍스트: 5,000원 점심 먹었어
[2025-05-27T14:48:20.954Z] [INFO] AI 채팅 요청 - 사용자: 1, 세션: default, 메시지: 5000원 점심 먹었어
[2025-05-27T14:48:20.957Z] [INFO] AI 메시지 처리 시작 - 사용자: 1, 세션: default, 메시지: 5000원 점심 먹었어
[2025-05-27T14:48:20.959Z] [INFO] 파싱 시도 - 입력 텍스트: 5000원 점심 먹었어
[2025-05-27T14:48:20.962Z] [ERROR] AI 처리 오류: {}
[2025-05-27T14:48:31.238Z] [INFO] AI 채팅 요청 - 사용자: 1, 세션: default, 메시지: 5,000원 점심 먹었어
[2025-05-27T14:48:31.240Z] [INFO] AI 메시지 처리 시작 - 사용자: 1, 세션: default, 메시지: 5,000원 점심 먹었어
[2025-05-27T14:48:31.242Z] [INFO] 파싱 시도 - 입력 텍스트: 5,000원 점심 먹었어
[2025-05-27T14:48:31.243Z] [ERROR] AI 처리 오류: {}
[2025-05-27T14:51:18.594Z] [INFO] AI 채팅 요청 - 사용자: 1, 세션: default, 메시지: 5000원 점심 먹었어
[2025-05-27T14:51:18.596Z] [INFO] AI 메시지 처리 시작 - 사용자: 1, 세션: default, 메시지: 5000원 점심 먹었어
[2025-05-27T14:51:18.598Z] [INFO] 파싱 시도 - 입력 텍스트: 5000원 점심 먹었어
[2025-05-27T14:51:18.602Z] [ERROR] AI 처리 오류 상세: {
  "message": "tempExpenseData is not defined",
  "stack": "ReferenceError: tempExpenseData is not defined\n    at AIChatService.processMessage (C:\\Users\\USER\\Downloads\\donghang_f\\backend-main\\src\\services\\aiChatService.js:1071:7)\n    at processMessage (C:\\Users\\USER\\Downloads\\donghang_f\\backend-main\\src\\controllers\\aiChatController.js:22:42)\n    at Layer.handle [as handle_request] (C:\\Users\\USER\\Downloads\\donghang_f\\backend-main\\node_modules\\express\\lib\\router\\layer.js:95:5)\n    at next (C:\\Users\\USER\\Downloads\\donghang_f\\backend-main\\node_modules\\express\\lib\\router\\route.js:149:13)\n    at Route.dispatch (C:\\Users\\USER\\Downloads\\donghang_f\\backend-main\\node_modules\\express\\lib\\router\\route.js:119:3)\n    at Layer.handle [as handle_request] (C:\\Users\\USER\\Downloads\\donghang_f\\backend-main\\node_modules\\express\\lib\\router\\layer.js:95:5)\n    at C:\\Users\\USER\\Downloads\\donghang_f\\backend-main\\node_modules\\express\\lib\\router\\index.js:284:15\n    at Function.process_params (C:\\Users\\USER\\Downloads\\donghang_f\\backend-main\\node_modules\\express\\lib\\router\\index.js:346:12)\n    at next (C:\\Users\\USER\\Downloads\\donghang_f\\backend-main\\node_modules\\express\\lib\\router\\index.js:280:10)\n    at authMiddleware (C:\\Users\\USER\\Downloads\\donghang_f\\backend-main\\src\\middleware\\auth.js:13:3)",
  "name": "ReferenceError",
  "inputMessage": "5000원 점심 먹었어",
  "userId": 1,
  "sessionId": "default"
}
[2025-05-27T14:53:56.047Z] [INFO] AI 채팅 요청 - 사용자: 1, 세션: default, 메시지: 80000원 쇼핑했어
[2025-05-27T14:53:56.048Z] [INFO] AI 메시지 처리 시작 - 사용자: 1, 세션: default, 메시지: 80000원 쇼핑했어
[2025-05-27T14:53:56.049Z] [INFO] 파싱 시도 - 입력 텍스트: 80000원 쇼핑했어
[2025-05-27T14:53:56.050Z] [ERROR] AI 처리 오류 상세: {
  "message": "tempExpenseData is not defined",
  "stack": "ReferenceError: tempExpenseData is not defined\n    at AIChatService.processMessage (C:\\Users\\USER\\Downloads\\donghang_f\\backend-main\\src\\services\\aiChatService.js:1071:7)\n    at processMessage (C:\\Users\\USER\\Downloads\\donghang_f\\backend-main\\src\\controllers\\aiChatController.js:22:42)\n    at Layer.handle [as handle_request] (C:\\Users\\USER\\Downloads\\donghang_f\\backend-main\\node_modules\\express\\lib\\router\\layer.js:95:5)\n    at next (C:\\Users\\USER\\Downloads\\donghang_f\\backend-main\\node_modules\\express\\lib\\router\\route.js:149:13)\n    at Route.dispatch (C:\\Users\\USER\\Downloads\\donghang_f\\backend-main\\node_modules\\express\\lib\\router\\route.js:119:3)\n    at Layer.handle [as handle_request] (C:\\Users\\USER\\Downloads\\donghang_f\\backend-main\\node_modules\\express\\lib\\router\\layer.js:95:5)\n    at C:\\Users\\USER\\Downloads\\donghang_f\\backend-main\\node_modules\\express\\lib\\router\\index.js:284:15\n    at Function.process_params (C:\\Users\\USER\\Downloads\\donghang_f\\backend-main\\node_modules\\express\\lib\\router\\index.js:346:12)\n    at next (C:\\Users\\USER\\Downloads\\donghang_f\\backend-main\\node_modules\\express\\lib\\router\\index.js:280:10)\n    at authMiddleware (C:\\Users\\USER\\Downloads\\donghang_f\\backend-main\\src\\middleware\\auth.js:13:3)",
  "name": "ReferenceError",
  "inputMessage": "80000원 쇼핑했어",
  "userId": 1,
  "sessionId": "default"
}
[2025-05-27T14:57:18.431Z] [INFO] AI 채팅 요청 - 사용자: 1, 세션: default, 메시지: 5000원 점심 먹었어
[2025-05-27T14:57:18.433Z] [INFO] AI 메시지 처리 시작 - 사용자: 1, 세션: default, 메시지: 5000원 점심 먹었어
[2025-05-27T14:57:18.435Z] [INFO] 파싱 시도 - 입력 텍스트: 5000원 점심 먹었어
[2025-05-27T14:57:18.438Z] [ERROR] AI 처리 오류 상세: {
  "message": "tempExpenseData is not defined",
  "stack": "ReferenceError: tempExpenseData is not defined\n    at AIChatService.processMessage (C:\\Users\\USER\\Downloads\\donghang_f\\backend-main\\src\\services\\aiChatService.js:1074:7)\n    at processMessage (C:\\Users\\USER\\Downloads\\donghang_f\\backend-main\\src\\controllers\\aiChatController.js:22:42)\n    at Layer.handle [as handle_request] (C:\\Users\\USER\\Downloads\\donghang_f\\backend-main\\node_modules\\express\\lib\\router\\layer.js:95:5)\n    at next (C:\\Users\\USER\\Downloads\\donghang_f\\backend-main\\node_modules\\express\\lib\\router\\route.js:149:13)\n    at Route.dispatch (C:\\Users\\USER\\Downloads\\donghang_f\\backend-main\\node_modules\\express\\lib\\router\\route.js:119:3)\n    at Layer.handle [as handle_request] (C:\\Users\\USER\\Downloads\\donghang_f\\backend-main\\node_modules\\express\\lib\\router\\layer.js:95:5)\n    at C:\\Users\\USER\\Downloads\\donghang_f\\backend-main\\node_modules\\express\\lib\\router\\index.js:284:15\n    at Function.process_params (C:\\Users\\USER\\Downloads\\donghang_f\\backend-main\\node_modules\\express\\lib\\router\\index.js:346:12)\n    at next (C:\\Users\\USER\\Downloads\\donghang_f\\backend-main\\node_modules\\express\\lib\\router\\index.js:280:10)\n    at authMiddleware (C:\\Users\\USER\\Downloads\\donghang_f\\backend-main\\src\\middleware\\auth.js:13:3)",
  "name": "ReferenceError",
  "inputMessage": "5000원 점심 먹었어",
  "userId": 1,
  "sessionId": "default"
}
[2025-05-27T15:07:27.482Z] [INFO] AI 채팅 요청 - 사용자: 1, 세션: default, 메시지: 5000원 점심 먹었어
[2025-05-27T15:07:27.483Z] [INFO] AI 메시지 처리 시작 - 사용자: 1, 세션: default, 메시지: 5000원 점심 먹었어
[2025-05-27T15:07:27.484Z] [INFO] 파싱 시도 - 입력 텍스트: 5000원 점심 먹었어
[2025-05-27T15:16:50.721Z] [INFO] AI 채팅 요청 - 사용자: 1, 세션: default, 메시지: 5000원 점심 먹었어
[2025-05-27T15:16:50.723Z] [INFO] AI 메시지 처리 시작 - 사용자: 1, 세션: default, 메시지: 5000원 점심 먹었어
[2025-05-27T15:16:50.725Z] [INFO] 🔍 간단 파싱 - 입력: 5000원 점심 먹었어
[2025-05-27T15:16:50.727Z] [INFO] 💰 원 패턴 매치: 5000 → 5000
[2025-05-27T15:16:50.728Z] [INFO] 🔑 키워드 체크: true 키워드들: [
  "먹었",
  "점심"
]
[2025-05-27T15:16:50.731Z] [INFO] ✅ 파싱 성공: {
  "amount": 5000,
  "category": "식비",
  "merchantName": "일반음식점",
  "originalText": "5000원 점심 먹었어",
  "transactionDate": null,
  "needsDateConfirmation": true
}
[2025-05-27T15:16:50.733Z] [INFO] ▶▶▶ expenseData: {
  "amount": 5000,
  "category": "식비",
  "merchantName": "일반음식점",
  "originalText": "5000원 점심 먹었어",
  "transactionDate": null,
  "needsDateConfirmation": true
}
[2025-05-27T15:16:50.734Z] [INFO] 소비 내역 감지: {
  "amount": 5000,
  "category": "식비",
  "merchantName": "일반음식점",
  "originalText": "5000원 점심 먹었어",
  "transactionDate": null,
  "needsDateConfirmation": true
}
[2025-05-27T15:17:04.612Z] [INFO] AI 채팅 요청 - 사용자: 1, 세션: default, 메시지: 5월 13일에
[2025-05-27T15:17:04.614Z] [INFO] AI 메시지 처리 시작 - 사용자: 1, 세션: default, 메시지: 5월 13일에
[2025-05-27T15:17:04.615Z] [INFO] 날짜 확인 응답 처리 중
[2025-05-27T15:17:10.869Z] [INFO] AI 채팅 요청 - 사용자: 1, 세션: default, 메시지: 5월 13일
[2025-05-27T15:17:10.871Z] [INFO] AI 메시지 처리 시작 - 사용자: 1, 세션: default, 메시지: 5월 13일
[2025-05-27T15:17:10.872Z] [INFO] 날짜 확인 응답 처리 중
[2025-05-27T15:17:19.362Z] [INFO] AI 채팅 요청 - 사용자: 1, 세션: default, 메시지: 5월 15일
[2025-05-27T15:17:19.362Z] [INFO] AI 메시지 처리 시작 - 사용자: 1, 세션: default, 메시지: 5월 15일
[2025-05-27T15:17:19.363Z] [INFO] 날짜 확인 응답 처리 중
[2025-05-27T15:17:21.664Z] [INFO] AI 채팅 요청 - 사용자: 1, 세션: default, 메시지: 어제
[2025-05-27T15:17:21.664Z] [INFO] AI 메시지 처리 시작 - 사용자: 1, 세션: default, 메시지: 어제
[2025-05-27T15:17:21.665Z] [INFO] 날짜 확인 응답 처리 중
[2025-05-27T15:18:26.664Z] [INFO] AI 채팅 요청 - 사용자: 1, 세션: default, 메시지: 80000원 저녁먹ㄱ었어
[2025-05-27T15:18:26.665Z] [INFO] AI 메시지 처리 시작 - 사용자: 1, 세션: default, 메시지: 80000원 저녁먹ㄱ었어
[2025-05-27T15:18:26.666Z] [INFO] 🔍 간단 파싱 - 입력: 80000원 저녁먹ㄱ었어
[2025-05-27T15:18:26.667Z] [INFO] 💰 원 패턴 매치: 80000 → 80000
[2025-05-27T15:18:26.667Z] [INFO] 🔑 키워드 체크: true 키워드들: [
  "저녁"
]
[2025-05-27T15:18:26.668Z] [INFO] ✅ 파싱 성공: {
  "amount": 80000,
  "category": "식비",
  "merchantName": "일반음식점",
  "originalText": "80000원 저녁먹ㄱ었어",
  "transactionDate": null,
  "needsDateConfirmation": true
}
[2025-05-27T15:18:26.669Z] [INFO] ▶▶▶ expenseData: {
  "amount": 80000,
  "category": "식비",
  "merchantName": "일반음식점",
  "originalText": "80000원 저녁먹ㄱ었어",
  "transactionDate": null,
  "needsDateConfirmation": true
}
[2025-05-27T15:18:26.670Z] [INFO] 소비 내역 감지: {
  "amount": 80000,
  "category": "식비",
  "merchantName": "일반음식점",
  "originalText": "80000원 저녁먹ㄱ었어",
  "transactionDate": null,
  "needsDateConfirmation": true
}
[2025-05-27T15:18:33.884Z] [INFO] AI 채팅 요청 - 사용자: 1, 세션: default, 메시지: 지난달
[2025-05-27T15:18:33.885Z] [INFO] AI 메시지 처리 시작 - 사용자: 1, 세션: default, 메시지: 지난달
[2025-05-27T15:18:33.885Z] [INFO] 날짜 확인 응답 처리 중
[2025-05-27T15:18:37.729Z] [INFO] AI 채팅 요청 - 사용자: 1, 세션: default, 메시지: 그제
[2025-05-27T15:18:37.730Z] [INFO] AI 메시지 처리 시작 - 사용자: 1, 세션: default, 메시지: 그제
[2025-05-27T15:18:37.731Z] [INFO] 날짜 확인 응답 처리 중
[2025-05-27T15:18:51.399Z] [INFO] AI 채팅 요청 - 사용자: 1, 세션: default, 메시지: 5월 25일 8만 원 지출 내역을 가계부에 추가했습니다
[2025-05-27T15:18:51.400Z] [INFO] AI 메시지 처리 시작 - 사용자: 1, 세션: default, 메시지: 5월 25일 8만 원 지출 내역을 가계부에 추가했습니다
[2025-05-27T15:18:51.400Z] [INFO] 🔍 간단 파싱 - 입력: 5월 25일 8만 원 지출 내역을 가계부에 추가했습니다
[2025-05-27T15:18:51.401Z] [INFO] ❌ 금액을 찾을 수 없음
[2025-05-27T15:18:51.401Z] [INFO] ▶▶▶ expenseData: null
[2025-05-27T15:18:51.401Z] [INFO] 소비내역 조회 요청 감지
[2025-05-27T15:18:51.402Z] [INFO] 질문 의도 분석 결과: {
  "type": "general_inquiry",
  "intent": "expense_overview"
}
[2025-05-27T15:19:25.246Z] [INFO] AI 채팅 요청 - 사용자: 1, 세션: default, 메시지: 7만 원 저녁 먹었어
[2025-05-27T15:19:25.254Z] [INFO] AI 메시지 처리 시작 - 사용자: 1, 세션: default, 메시지: 7만 원 저녁 먹었어
[2025-05-27T15:19:25.256Z] [INFO] 🔍 간단 파싱 - 입력: 7만 원 저녁 먹었어
[2025-05-27T15:19:25.259Z] [INFO] ❌ 금액을 찾을 수 없음
[2025-05-27T15:19:25.261Z] [INFO] ▶▶▶ expenseData: null
[2025-05-27T15:19:41.882Z] [INFO] AI 채팅 요청 - 사용자: 1, 세션: default, 메시지: 70000원 저녁먹었어
[2025-05-27T15:19:41.883Z] [INFO] AI 메시지 처리 시작 - 사용자: 1, 세션: default, 메시지: 70000원 저녁먹었어
[2025-05-27T15:19:41.884Z] [INFO] 🔍 간단 파싱 - 입력: 70000원 저녁먹었어
[2025-05-27T15:19:41.884Z] [INFO] 💰 원 패턴 매치: 70000 → 70000
[2025-05-27T15:19:41.885Z] [INFO] 🔑 키워드 체크: true 키워드들: [
  "먹었",
  "저녁"
]
[2025-05-27T15:19:41.886Z] [INFO] ✅ 파싱 성공: {
  "amount": 70000,
  "category": "식비",
  "merchantName": "일반음식점",
  "originalText": "70000원 저녁먹었어",
  "transactionDate": null,
  "needsDateConfirmation": true
}
[2025-05-27T15:19:41.887Z] [INFO] ▶▶▶ expenseData: {
  "amount": 70000,
  "category": "식비",
  "merchantName": "일반음식점",
  "originalText": "70000원 저녁먹었어",
  "transactionDate": null,
  "needsDateConfirmation": true
}
[2025-05-27T15:19:41.887Z] [INFO] 소비 내역 감지: {
  "amount": 70000,
  "category": "식비",
  "merchantName": "일반음식점",
  "originalText": "70000원 저녁먹었어",
  "transactionDate": null,
  "needsDateConfirmation": true
}
[2025-05-27T15:19:58.131Z] [INFO] AI 채팅 요청 - 사용자: 1, 세션: default, 메시지: 오늘
[2025-05-27T15:19:58.132Z] [INFO] AI 메시지 처리 시작 - 사용자: 1, 세션: default, 메시지: 오늘
[2025-05-27T15:19:58.133Z] [INFO] 날짜 확인 응답 처리 중
[2025-05-27T15:22:42.023Z] [INFO] AI 채팅 요청 - 사용자: 1, 세션: default, 메시지: 6만 원 점심 먹었어
[2025-05-27T15:22:42.025Z] [INFO] AI 메시지 처리 시작 - 사용자: 1, 세션: default, 메시지: 6만 원 점심 먹었어
[2025-05-27T15:22:42.026Z] [INFO] 🔍 간단 파싱 - 입력: 6만 원 점심 먹었어
[2025-05-27T15:22:42.027Z] [INFO] ❌ 금액을 찾을 수 없음
[2025-05-27T15:22:42.028Z] [INFO] ▶▶▶ expenseData: null
[2025-05-27T15:22:52.875Z] [INFO] AI 채팅 요청 - 사용자: 1, 세션: default, 메시지: 6만원 점심 먹었어
[2025-05-27T15:22:52.877Z] [INFO] AI 메시지 처리 시작 - 사용자: 1, 세션: default, 메시지: 6만원 점심 먹었어
[2025-05-27T15:22:52.877Z] [INFO] 🔍 간단 파싱 - 입력: 6만원 점심 먹었어
[2025-05-27T15:22:52.878Z] [INFO] ❌ 금액을 찾을 수 없음
[2025-05-27T15:22:52.879Z] [INFO] ▶▶▶ expenseData: null
[2025-05-27T15:22:58.114Z] [INFO] AI 채팅 요청 - 사용자: 1, 세션: default, 메시지: 60000원 점심 먹었어
[2025-05-27T15:22:58.115Z] [INFO] AI 메시지 처리 시작 - 사용자: 1, 세션: default, 메시지: 60000원 점심 먹었어
[2025-05-27T15:22:58.116Z] [INFO] 🔍 간단 파싱 - 입력: 60000원 점심 먹었어
[2025-05-27T15:22:58.117Z] [INFO] 💰 원 패턴 매치: 60000 → 60000
[2025-05-27T15:22:58.118Z] [INFO] 🔑 키워드 체크: true 키워드들: [
  "먹었",
  "점심"
]
[2025-05-27T15:22:58.118Z] [INFO] ✅ 파싱 성공: {
  "amount": 60000,
  "category": "식비",
  "merchantName": "일반음식점",
  "originalText": "60000원 점심 먹었어",
  "transactionDate": null,
  "needsDateConfirmation": true
}
[2025-05-27T15:22:58.119Z] [INFO] ▶▶▶ expenseData: {
  "amount": 60000,
  "category": "식비",
  "merchantName": "일반음식점",
  "originalText": "60000원 점심 먹었어",
  "transactionDate": null,
  "needsDateConfirmation": true
}
[2025-05-27T15:22:58.121Z] [INFO] 소비 내역 감지: {
  "amount": 60000,
  "category": "식비",
  "merchantName": "일반음식점",
  "originalText": "60000원 점심 먹었어",
  "transactionDate": null,
  "needsDateConfirmation": true
}
[2025-05-27T15:23:03.704Z] [INFO] AI 채팅 요청 - 사용자: 1, 세션: default, 메시지: 오늘
[2025-05-27T15:23:03.705Z] [INFO] AI 메시지 처리 시작 - 사용자: 1, 세션: default, 메시지: 오늘
[2025-05-27T15:23:03.707Z] [INFO] 날짜 확인 응답 처리 중
[2025-05-27T15:23:03.708Z] [INFO] 📅 오늘 날짜 (KST): 2025-05-28
[2025-05-27T15:23:03.758Z] [INFO] 📅 날짜 비교 - 입력: 2025-05-28 오늘(KST): 2025-05-28 어제(KST): 2025-05-27
[2025-05-27T15:25:34.040Z] [INFO] AI 채팅 요청 - 사용자: 1, 세션: default, 메시지: 6만 원 점심 먹었어
[2025-05-27T15:25:34.043Z] [INFO] AI 메시지 처리 시작 - 사용자: 1, 세션: default, 메시지: 6만 원 점심 먹었어
[2025-05-27T15:25:34.045Z] [INFO] 🔍 간단 파싱 - 입력: 6만 원 점심 먹었어
[2025-05-27T15:25:34.046Z] [INFO] 💰 만원 패턴 매치: 6 → 60000
[2025-05-27T15:25:34.048Z] [INFO] 🔑 키워드 체크: true 키워드들: [
  "먹었",
  "점심"
]
[2025-05-27T15:25:34.049Z] [INFO] ✅ 파싱 성공: {
  "amount": 60000,
  "category": "식비",
  "merchantName": "일반음식점",
  "originalText": "6만 원 점심 먹었어",
  "transactionDate": null,
  "needsDateConfirmation": true
}
[2025-05-27T15:25:34.051Z] [INFO] ▶▶▶ expenseData: {
  "amount": 60000,
  "category": "식비",
  "merchantName": "일반음식점",
  "originalText": "6만 원 점심 먹었어",
  "transactionDate": null,
  "needsDateConfirmation": true
}
[2025-05-27T15:25:34.052Z] [INFO] 소비 내역 감지: {
  "amount": 60000,
  "category": "식비",
  "merchantName": "일반음식점",
  "originalText": "6만 원 점심 먹었어",
  "transactionDate": null,
  "needsDateConfirmation": true
}
[2025-05-27T15:25:48.955Z] [INFO] AI 채팅 요청 - 사용자: 1, 세션: default, 메시지: 어제
[2025-05-27T15:25:48.958Z] [INFO] AI 메시지 처리 시작 - 사용자: 1, 세션: default, 메시지: 어제
[2025-05-27T15:25:48.962Z] [INFO] 날짜 확인 응답 처리 중
[2025-05-27T15:25:48.964Z] [INFO] 📅 어제 날짜 (KST): 2025-05-27
[2025-05-27T15:25:49.043Z] [INFO] 📅 날짜 비교 - 입력: 2025-05-27 오늘(KST): 2025-05-28 어제(KST): 2025-05-27
[2025-05-27T15:26:02.586Z] [INFO] AI 채팅 요청 - 사용자: 1, 세션: default, 메시지: 75,000원 쇼핑 했어
[2025-05-27T15:26:02.587Z] [INFO] AI 메시지 처리 시작 - 사용자: 1, 세션: default, 메시지: 75,000원 쇼핑 했어
[2025-05-27T15:26:02.588Z] [INFO] 🔍 간단 파싱 - 입력: 75,000원 쇼핑 했어
[2025-05-27T15:26:02.588Z] [INFO] 💰 원 패턴 매치: 75,000 → 75000
[2025-05-27T15:26:02.589Z] [INFO] 🔑 키워드 체크: false 키워드들: []
[2025-05-27T15:26:02.590Z] [INFO] ❌ 소비 키워드가 없음
[2025-05-27T15:26:02.590Z] [INFO] ▶▶▶ expenseData: null
[2025-05-27T15:30:40.642Z] [INFO] AI 채팅 요청 - 사용자: 1, 세션: default, 메시지: 75,000원 쇼핑 했어
[2025-05-27T15:30:40.649Z] [INFO] AI 메시지 처리 시작 - 사용자: 1, 세션: default, 메시지: 75,000원 쇼핑 했어
[2025-05-27T15:30:40.652Z] [INFO] 🔍 간단 파싱 - 입력: 75,000원 쇼핑 했어
[2025-05-27T15:30:40.657Z] [INFO] 💰 원 패턴 매치: 75,000 → 75000
[2025-05-27T15:30:40.662Z] [INFO] 🔑 키워드 체크: true 키워드들: [
  "쇼핑"
]
[2025-05-27T15:30:40.666Z] [INFO] ✅ 파싱 성공: {
  "amount": 75000,
  "category": "쇼핑",
  "merchantName": "일반상점",
  "originalText": "75,000원 쇼핑 했어",
  "transactionDate": null,
  "needsDateConfirmation": true
}
[2025-05-27T15:30:40.671Z] [INFO] ▶▶▶ expenseData: {
  "amount": 75000,
  "category": "쇼핑",
  "merchantName": "일반상점",
  "originalText": "75,000원 쇼핑 했어",
  "transactionDate": null,
  "needsDateConfirmation": true
}
[2025-05-27T15:30:40.674Z] [INFO] 소비 내역 감지: {
  "amount": 75000,
  "category": "쇼핑",
  "merchantName": "일반상점",
  "originalText": "75,000원 쇼핑 했어",
  "transactionDate": null,
  "needsDateConfirmation": true
}
[2025-05-27T15:30:59.012Z] [INFO] AI 채팅 요청 - 사용자: 1, 세션: default, 메시지: 오늘
[2025-05-27T15:30:59.013Z] [INFO] AI 메시지 처리 시작 - 사용자: 1, 세션: default, 메시지: 오늘
[2025-05-27T15:30:59.014Z] [INFO] 날짜 확인 응답 처리 중
[2025-05-27T15:30:59.016Z] [INFO] 📅 오늘 날짜 (KST): 2025-05-28
[2025-05-27T15:30:59.066Z] [INFO] 📅 날짜 비교 - 입력: 2025-05-28 오늘(KST): 2025-05-28 어제(KST): 2025-05-27
[2025-05-27T15:31:26.019Z] [INFO] AI 채팅 요청 - 사용자: 1, 세션: default, 메시지: 오늘 만 원 교통카드로 썼어
[2025-05-27T15:31:26.020Z] [INFO] AI 메시지 처리 시작 - 사용자: 1, 세션: default, 메시지: 오늘 만 원 교통카드로 썼어
[2025-05-27T15:31:26.022Z] [INFO] 🔍 간단 파싱 - 입력: 오늘 만 원 교통카드로 썼어
[2025-05-27T15:31:26.023Z] [INFO] ❌ 금액을 찾을 수 없음
[2025-05-27T15:31:26.024Z] [INFO] ▶▶▶ expenseData: null
[2025-05-27T15:31:26.024Z] [INFO] 소비내역 조회 요청 감지
[2025-05-27T15:31:26.027Z] [INFO] 질문 의도 분석 결과: {
  "type": "general_inquiry",
  "intent": "expense_overview"
}
[2025-05-27T15:31:41.144Z] [INFO] AI 채팅 요청 - 사용자: 1, 세션: default, 메시지: 10000원 교통수단으로 썼어
[2025-05-27T15:31:41.145Z] [INFO] AI 메시지 처리 시작 - 사용자: 1, 세션: default, 메시지: 10000원 교통수단으로 썼어
[2025-05-27T15:31:41.146Z] [INFO] 🔍 간단 파싱 - 입력: 10000원 교통수단으로 썼어
[2025-05-27T15:31:41.146Z] [INFO] 💰 원 패턴 매치: 10000 → 10000
[2025-05-27T15:31:41.147Z] [INFO] 🔑 키워드 체크: true 키워드들: [
  "썼"
]
[2025-05-27T15:31:41.148Z] [INFO] ✅ 파싱 성공: {
  "amount": 10000,
  "category": "교통비",
  "merchantName": "교통수단",
  "originalText": "10000원 교통수단으로 썼어",
  "transactionDate": null,
  "needsDateConfirmation": true
}
[2025-05-27T15:31:41.148Z] [INFO] ▶▶▶ expenseData: {
  "amount": 10000,
  "category": "교통비",
  "merchantName": "교통수단",
  "originalText": "10000원 교통수단으로 썼어",
  "transactionDate": null,
  "needsDateConfirmation": true
}
[2025-05-27T15:31:41.149Z] [INFO] 소비 내역 감지: {
  "amount": 10000,
  "category": "교통비",
  "merchantName": "교통수단",
  "originalText": "10000원 교통수단으로 썼어",
  "transactionDate": null,
  "needsDateConfirmation": true
}
[2025-05-27T15:32:08.571Z] [INFO] AI 채팅 요청 - 사용자: 1, 세션: default, 메시지: 오늘 만원 교통카드 썻ㅆ어
[2025-05-27T15:32:08.572Z] [INFO] AI 메시지 처리 시작 - 사용자: 1, 세션: default, 메시지: 오늘 만원 교통카드 썻ㅆ어
[2025-05-27T15:32:08.573Z] [INFO] 날짜 확인 응답 처리 중
[2025-05-27T15:32:08.574Z] [INFO] 📅 오늘 날짜 (KST): 2025-05-28
[2025-05-27T15:32:08.605Z] [INFO] 📅 날짜 비교 - 입력: 2025-05-28 오늘(KST): 2025-05-28 어제(KST): 2025-05-27
[2025-05-27T15:32:17.754Z] [INFO] AI 채팅 요청 - 사용자: 1, 세션: default, 메시지: 10000원 교통수단으로 썼어
[2025-05-27T15:32:17.755Z] [INFO] AI 메시지 처리 시작 - 사용자: 1, 세션: default, 메시지: 10000원 교통수단으로 썼어
[2025-05-27T15:32:17.756Z] [INFO] 🔍 간단 파싱 - 입력: 10000원 교통수단으로 썼어
[2025-05-27T15:32:17.757Z] [INFO] 💰 원 패턴 매치: 10000 → 10000
[2025-05-27T15:32:17.757Z] [INFO] 🔑 키워드 체크: true 키워드들: [
  "썼"
]
[2025-05-27T15:32:17.758Z] [INFO] ✅ 파싱 성공: {
  "amount": 10000,
  "category": "교통비",
  "merchantName": "교통수단",
  "originalText": "10000원 교통수단으로 썼어",
  "transactionDate": null,
  "needsDateConfirmation": true
}
[2025-05-27T15:32:17.759Z] [INFO] ▶▶▶ expenseData: {
  "amount": 10000,
  "category": "교통비",
  "merchantName": "교통수단",
  "originalText": "10000원 교통수단으로 썼어",
  "transactionDate": null,
  "needsDateConfirmation": true
}
[2025-05-27T15:32:17.759Z] [INFO] 소비 내역 감지: {
  "amount": 10000,
  "category": "교통비",
  "merchantName": "교통수단",
  "originalText": "10000원 교통수단으로 썼어",
  "transactionDate": null,
  "needsDateConfirmation": true
}
[2025-05-27T15:32:28.914Z] [INFO] AI 채팅 요청 - 사용자: 1, 세션: default, 메시지: 5일전
[2025-05-27T15:32:28.914Z] [INFO] AI 메시지 처리 시작 - 사용자: 1, 세션: default, 메시지: 5일전
[2025-05-27T15:32:28.915Z] [INFO] 날짜 확인 응답 처리 중
[2025-05-27T15:33:44.239Z] [INFO] AI 채팅 요청 - 사용자: 1, 세션: default, 메시지: 복지서비스에 대해 알려줘
[2025-05-27T15:33:44.240Z] [INFO] AI 메시지 처리 시작 - 사용자: 1, 세션: default, 메시지: 복지서비스에 대해 알려줘
[2025-05-27T15:33:44.241Z] [INFO] 복지서비스 추천 요청 감지: {
  "isActivityRequest": true,
  "specificCategory": null,
  "originalMessage": "복지서비스에 대해 알려줘"
}
[2025-05-27T15:33:44.242Z] [INFO] 복지서비스 추천 생성 시작: {
  "specificCategory": null,
  "userId": 1
}
[2025-05-27T15:33:44.268Z] [INFO] 추천할 복지서비스가 없습니다.
[2025-05-27T15:34:57.849Z] [INFO] AI 채팅 요청 - 사용자: 1, 세션: default, 메시지: 안녕
[2025-05-27T15:34:57.850Z] [INFO] AI 메시지 처리 시작 - 사용자: 1, 세션: default, 메시지: 안녕
[2025-05-27T15:34:57.851Z] [INFO] 인사 메시지 감지
[2025-05-27T15:35:05.916Z] [INFO] AI 채팅 요청 - 사용자: 1, 세션: default, 메시지: 넌 뭘할수있어?
[2025-05-27T15:35:05.918Z] [INFO] AI 메시지 처리 시작 - 사용자: 1, 세션: default, 메시지: 넌 뭘할수있어?
[2025-05-27T15:35:05.919Z] [INFO] 기능 문의 메시지 감지
[2025-05-27T15:35:49.273Z] [INFO] AI 채팅 요청 - 사용자: 1, 세션: default, 메시지: 7600원 저녁먹었어
[2025-05-27T15:35:49.274Z] [INFO] AI 메시지 처리 시작 - 사용자: 1, 세션: default, 메시지: 7600원 저녁먹었어
[2025-05-27T15:35:49.275Z] [INFO] 날짜 확인 응답 처리 중
[2025-05-27T15:35:57.879Z] [INFO] AI 채팅 요청 - 사용자: 1, 세션: default, 메시지: 5월 15일
[2025-05-27T15:35:57.880Z] [INFO] AI 메시지 처리 시작 - 사용자: 1, 세션: default, 메시지: 5월 15일
[2025-05-27T15:35:57.881Z] [INFO] 날짜 확인 응답 처리 중
[2025-05-27T15:36:04.766Z] [INFO] AI 채팅 요청 - 사용자: 1, 세션: default, 메시지: 10일전
[2025-05-27T15:36:04.766Z] [INFO] AI 메시지 처리 시작 - 사용자: 1, 세션: default, 메시지: 10일전
[2025-05-27T15:36:04.767Z] [INFO] 날짜 확인 응답 처리 중
[2025-05-27T15:36:15.788Z] [INFO] AI 채팅 요청 - 사용자: 1, 세션: default, 메시지: 3일전
[2025-05-27T15:36:15.788Z] [INFO] AI 메시지 처리 시작 - 사용자: 1, 세션: default, 메시지: 3일전
[2025-05-27T15:36:15.789Z] [INFO] 날짜 확인 응답 처리 중
[2025-05-27T15:36:28.222Z] [INFO] AI 채팅 요청 - 사용자: 1, 세션: default, 메시지: 14일
[2025-05-27T15:36:28.223Z] [INFO] AI 메시지 처리 시작 - 사용자: 1, 세션: default, 메시지: 14일
[2025-05-27T15:36:28.224Z] [INFO] 날짜 확인 응답 처리 중
[2025-05-27T15:36:33.706Z] [INFO] AI 채팅 요청 - 사용자: 1, 세션: default, 메시지: 그저께
[2025-05-27T15:36:33.707Z] [INFO] AI 메시지 처리 시작 - 사용자: 1, 세션: default, 메시지: 그저께
[2025-05-27T15:36:33.708Z] [INFO] 날짜 확인 응답 처리 중
[2025-05-27T15:36:33.709Z] [INFO] 📅 그제 날짜 (KST): 2025-05-26
[2025-05-27T15:36:33.742Z] [INFO] 📅 날짜 비교 - 입력: 2025-05-26 오늘(KST): 2025-05-28 어제(KST): 2025-05-27
[2025-05-27T15:47:17.588Z] [INFO] AI 채팅 요청 - 사용자: 1, 세션: default, 메시지: 77000원 병원비로 썼어
[2025-05-27T15:47:17.589Z] [INFO] AI 메시지 처리 시작 - 사용자: 1, 세션: default, 메시지: 77000원 병원비로 썼어
[2025-05-27T15:47:17.591Z] [INFO] 🔍 간단 파싱 - 입력: 77000원 병원비로 썼어
[2025-05-27T15:47:17.592Z] [INFO] 💰 원 패턴 매치: 77000 → 77000
[2025-05-27T15:47:17.593Z] [INFO] 🔑 키워드 체크: true 키워드들: [
  "썼"
]
[2025-05-27T15:47:17.594Z] [INFO] ✅ 파싱 성공: {
  "amount": 77000,
  "category": "의료비",
  "merchantName": "의료기관",
  "originalText": "77000원 병원비로 썼어",
  "transactionDate": null,
  "needsDateConfirmation": true
}
[2025-05-27T15:47:17.595Z] [INFO] ▶▶▶ expenseData: {
  "amount": 77000,
  "category": "의료비",
  "merchantName": "의료기관",
  "originalText": "77000원 병원비로 썼어",
  "transactionDate": null,
  "needsDateConfirmation": true
}
[2025-05-27T15:47:17.596Z] [INFO] 소비 내역 감지: {
  "amount": 77000,
  "category": "의료비",
  "merchantName": "의료기관",
  "originalText": "77000원 병원비로 썼어",
  "transactionDate": null,
  "needsDateConfirmation": true
}
[2025-05-27T15:47:30.056Z] [INFO] AI 채팅 요청 - 사용자: 1, 세션: default, 메시지: 5월 15일
[2025-05-27T15:47:30.058Z] [INFO] AI 메시지 처리 시작 - 사용자: 1, 세션: default, 메시지: 5월 15일
[2025-05-27T15:47:30.060Z] [INFO] 날짜 확인 응답 처리 중
[2025-05-27T15:47:30.063Z] [INFO] 📅 5월 15일 날짜: 2025-05-15
[2025-05-27T15:47:30.126Z] [INFO] 📅 날짜 비교 - 입력: 2025-05-15 오늘(KST): 2025-05-28 어제(KST): 2025-05-27
[2025-05-27T15:53:23.881Z] [INFO] AI 채팅 요청 - 사용자: 1, 세션: default, 메시지: 내 소비내역 알려줘
[2025-05-27T15:53:23.882Z] [INFO] AI 메시지 처리 시작 - 사용자: 1, 세션: default, 메시지: 내 소비내역 알려줘
[2025-05-27T15:53:23.883Z] [INFO] 🔍 간단 파싱 - 입력: 내 소비내역 알려줘
[2025-05-27T15:53:23.883Z] [INFO] ❌ 금액을 찾을 수 없음
[2025-05-27T15:53:23.884Z] [INFO] ▶▶▶ expenseData: null
[2025-05-27T15:53:23.885Z] [INFO] 소비내역 조회 요청 감지
[2025-05-27T15:53:23.886Z] [INFO] 질문 의도 분석 결과: {
  "type": "general_inquiry",
  "intent": "expense_overview"
}
[2025-05-27T16:21:27.038Z] [INFO] AI 채팅 요청 - 사용자: 1, 세션: default, 메시지: 500원 교통카드
[2025-05-27T16:21:27.038Z] [INFO] AI 메시지 처리 시작 - 사용자: 1, 세션: default, 메시지: 500원 교통카드
[2025-05-27T16:21:27.039Z] [INFO] 🔍 간단 파싱 - 입력: 500원 교통카드
[2025-05-27T16:21:27.039Z] [INFO] 💰 원 패턴 매치: 500 → 500
[2025-05-27T16:21:27.040Z] [INFO] 🔑 키워드 체크: false 키워드들: []
[2025-05-27T16:21:27.040Z] [INFO] ❌ 소비 키워드가 없음
[2025-05-27T16:21:27.040Z] [INFO] ▶▶▶ expenseData: null
[2025-05-27T16:21:38.474Z] [INFO] AI 채팅 요청 - 사용자: 1, 세션: default, 메시지: 500원 교통카드로 썼어
[2025-05-27T16:21:38.474Z] [INFO] AI 메시지 처리 시작 - 사용자: 1, 세션: default, 메시지: 500원 교통카드로 썼어
[2025-05-27T16:21:38.475Z] [INFO] 🔍 간단 파싱 - 입력: 500원 교통카드로 썼어
[2025-05-27T16:21:38.475Z] [INFO] 💰 원 패턴 매치: 500 → 500
[2025-05-27T16:21:38.476Z] [INFO] 🔑 키워드 체크: true 키워드들: [
  "썼"
]
[2025-05-27T16:21:38.476Z] [INFO] ✅ 파싱 성공: {
  "amount": 500,
  "category": "교통비",
  "merchantName": "교통수단",
  "originalText": "500원 교통카드로 썼어",
  "transactionDate": null,
  "needsDateConfirmation": true
}
[2025-05-27T16:21:38.477Z] [INFO] ▶▶▶ expenseData: {
  "amount": 500,
  "category": "교통비",
  "merchantName": "교통수단",
  "originalText": "500원 교통카드로 썼어",
  "transactionDate": null,
  "needsDateConfirmation": true
}
[2025-05-27T16:21:38.477Z] [INFO] 소비 내역 감지: {
  "amount": 500,
  "category": "교통비",
  "merchantName": "교통수단",
  "originalText": "500원 교통카드로 썼어",
  "transactionDate": null,
  "needsDateConfirmation": true
}
[2025-05-27T16:21:44.868Z] [INFO] AI 채팅 요청 - 사용자: 1, 세션: default, 메시지: 5월 3일
[2025-05-27T16:21:44.868Z] [INFO] AI 메시지 처리 시작 - 사용자: 1, 세션: default, 메시지: 5월 3일
[2025-05-27T16:21:44.869Z] [INFO] 날짜 확인 응답 처리 중
[2025-05-27T16:21:44.870Z] [INFO] 📅 5월 3일 날짜: 2025-05-03
[2025-05-27T16:21:44.905Z] [INFO] 📅 날짜 비교 - 입력: 2025-05-03 오늘(KST): 2025-05-28 어제(KST): 2025-05-27
