[2025-05-29T09:23:53.151Z] [INFO] AI 채팅 요청 - 사용자: 1, 세션: default, 메시지: 100만 원 병원비로 썼어
[2025-05-29T09:23:53.152Z] [INFO] AI 메시지 처리 시작 - 사용자: 1, 세션: default, 메시지: 100만 원 병원비로 썼어
[2025-05-29T09:23:53.154Z] [INFO] 🔍 간단 파싱 - 입력: 100만 원 병원비로 썼어
[2025-05-29T09:23:53.154Z] [INFO] 💰 만원 패턴 매치: 100 → 1000000
[2025-05-29T09:23:53.155Z] [INFO] 🔑 키워드 체크: true 키워드들: [
  "썼"
]
[2025-05-29T09:23:53.155Z] [INFO] ✅ 파싱 성공: {
  "amount": 1000000,
  "category": "의료비",
  "merchantName": "의료기관",
  "originalText": "100만 원 병원비로 썼어",
  "transactionDate": null,
  "needsDateConfirmation": true
}
[2025-05-29T09:23:53.156Z] [INFO] ▶▶▶ expenseData: {
  "amount": 1000000,
  "category": "의료비",
  "merchantName": "의료기관",
  "originalText": "100만 원 병원비로 썼어",
  "transactionDate": null,
  "needsDateConfirmation": true
}
[2025-05-29T09:23:53.157Z] [INFO] 소비 내역 감지: {
  "amount": 1000000,
  "category": "의료비",
  "merchantName": "의료기관",
  "originalText": "100만 원 병원비로 썼어",
  "transactionDate": null,
  "needsDateConfirmation": true
}
[2025-05-29T09:24:11.737Z] [INFO] AI 채팅 요청 - 사용자: 1, 세션: default, 메시지: 오늘
[2025-05-29T09:24:11.738Z] [INFO] AI 메시지 처리 시작 - 사용자: 1, 세션: default, 메시지: 오늘
[2025-05-29T09:24:11.738Z] [INFO] 날짜 확인 응답 처리 중
[2025-05-29T09:24:11.739Z] [INFO] 📅 오늘 날짜 (KST): 2025-05-29
[2025-05-29T09:24:11.778Z] [INFO] 📅 날짜 비교 - 입력: 2025-05-29 오늘(KST): 2025-05-29 어제(KST): 2025-05-28
[2025-05-29T13:14:20.984Z] [INFO] AI 채팅 요청 - 사용자: 1, 세션: default, 메시지: 안녕 금복아
[2025-05-29T13:14:20.987Z] [INFO] AI 메시지 처리 시작 - 사용자: 1, 세션: default, 메시지: 안녕 금복아
[2025-05-29T13:14:20.988Z] [INFO] 인사 메시지 감지
[2025-05-29T13:15:22.683Z] [INFO] AI 채팅 요청 - 사용자: 1, 세션: default, 메시지: 오늘 뭐하지
[2025-05-29T13:15:22.683Z] [INFO] AI 메시지 처리 시작 - 사용자: 1, 세션: default, 메시지: 오늘 뭐하지
[2025-05-29T13:15:22.685Z] [INFO] 복지서비스 추천 요청 감지: {
  "isActivityRequest": true,
  "specificCategory": null,
  "originalMessage": "오늘 뭐하지"
}
[2025-05-29T13:15:22.686Z] [INFO] 복지서비스 추천 생성 시작: {
  "specificCategory": null,
  "userId": 1
}
[2025-05-29T13:15:22.744Z] [INFO] 추천할 복지서비스가 없습니다.
[2025-05-29T13:15:52.933Z] [INFO] AI 채팅 요청 - 사용자: 1, 세션: default, 메시지: 복지서비스 알려줘
[2025-05-29T13:15:52.934Z] [INFO] AI 메시지 처리 시작 - 사용자: 1, 세션: default, 메시지: 복지서비스 알려줘
[2025-05-29T13:15:52.934Z] [INFO] 복지서비스 추천 요청 감지: {
  "isActivityRequest": true,
  "specificCategory": null,
  "originalMessage": "복지서비스 알려줘"
}
[2025-05-29T13:15:52.935Z] [INFO] 복지서비스 추천 생성 시작: {
  "specificCategory": null,
  "userId": 1
}
[2025-05-29T13:15:52.986Z] [INFO] 추천할 복지서비스가 없습니다.
[2025-05-29T13:20:01.812Z] [INFO] AI 채팅 요청 - 사용자: 1, 세션: default, 메시지: 5000원 점심 먹었어
[2025-05-29T13:20:01.812Z] [INFO] AI 메시지 처리 시작 - 사용자: 1, 세션: default, 메시지: 5000원 점심 먹었어
[2025-05-29T13:20:01.813Z] [INFO] 🔍 간단 파싱 - 입력: 5000원 점심 먹었어
[2025-05-29T13:20:01.813Z] [INFO] 💰 원 패턴 매치: 5000 → 5000
[2025-05-29T13:20:01.814Z] [INFO] 🔑 키워드 체크: true 키워드들: [
  "먹었",
  "점심"
]
[2025-05-29T13:20:01.814Z] [INFO] ✅ 파싱 성공: {
  "amount": 5000,
  "category": "식비",
  "merchantName": "일반음식점",
  "originalText": "5000원 점심 먹었어",
  "transactionDate": null,
  "needsDateConfirmation": true
}
[2025-05-29T13:20:01.815Z] [INFO] ▶▶▶ expenseData: {
  "amount": 5000,
  "category": "식비",
  "merchantName": "일반음식점",
  "originalText": "5000원 점심 먹었어",
  "transactionDate": null,
  "needsDateConfirmation": true
}
[2025-05-29T13:20:01.816Z] [INFO] 소비 내역 감지: {
  "amount": 5000,
  "category": "식비",
  "merchantName": "일반음식점",
  "originalText": "5000원 점심 먹었어",
  "transactionDate": null,
  "needsDateConfirmation": true
}
[2025-05-29T13:20:11.296Z] [INFO] AI 채팅 요청 - 사용자: 1, 세션: default, 메시지: 오늘
[2025-05-29T13:20:11.298Z] [INFO] AI 메시지 처리 시작 - 사용자: 1, 세션: default, 메시지: 오늘
[2025-05-29T13:20:11.300Z] [INFO] 날짜 확인 응답 처리 중
[2025-05-29T13:20:11.301Z] [INFO] 📅 오늘 날짜 (KST): 2025-05-29
[2025-05-29T13:20:11.332Z] [INFO] 📅 날짜 비교 - 입력: 2025-05-29 오늘(KST): 2025-05-29 어제(KST): 2025-05-28
