[2025-05-28T05:13:11.465Z] [ERROR] 복지서비스 상세 조회 오류: "nan" 이름의 칼럼은 없습니다
Error
    at Query.run (C:\Users\pc\StudioProjects\donghang_f\backend-main\node_modules\sequelize\lib\dialects\postgres\query.js:50:25)
    at C:\Users\pc\StudioProjects\donghang_f\backend-main\node_modules\sequelize\lib\sequelize.js:315:28
    at process.processTicksAndRejections (node:internal/process/task_queues:105:5)
    at async PostgresQueryInterface.select (C:\Users\pc\StudioProjects\donghang_f\backend-main\node_modules\sequelize\lib\dialects\abstract\query-interface.js:407:12)
    at async Welfare.findAll (C:\Users\pc\StudioProjects\donghang_f\backend-main\node_modules\sequelize\lib\model.js:1140:21)
    at async Welfare.findOne (C:\Users\pc\StudioProjects\donghang_f\backend-main\node_modules\sequelize\lib\model.js:1240:12)
    at async WelfareService.getWelfareById (C:\Users\pc\StudioProjects\donghang_f\backend-main\src\services\WelfareService.js:40:23)
    at async getWelfareServiceDetail (C:\Users\pc\StudioProjects\donghang_f\backend-main\src\controllers\WelfareSyncController.js:96:23)
[2025-05-28T05:17:07.806Z] [ERROR] 소비내역 조회 오류: logger is not defined
ReferenceError: logger is not defined
    at ConsumptionService.getExpenseHistory (C:\Users\pc\StudioProjects\donghang_f\backend-main\src\services\ConsumptionService.js:383:7)
    at AIChatService.getExpenseHistory (C:\Users\pc\StudioProjects\donghang_f\backend-main\src\services\aiChatService.js:423:47)
    at AIChatService.processMessage (C:\Users\pc\StudioProjects\donghang_f\backend-main\src\services\aiChatService.js:951:45)
    at processMessage (C:\Users\pc\StudioProjects\donghang_f\backend-main\src\controllers\aiChatController.js:36:44)
    at Layer.handle [as handle_request] (C:\Users\pc\StudioProjects\donghang_f\backend-main\node_modules\express\lib\router\layer.js:95:5)
    at next (C:\Users\pc\StudioProjects\donghang_f\backend-main\node_modules\express\lib\router\route.js:149:13)
    at Route.dispatch (C:\Users\pc\StudioProjects\donghang_f\backend-main\node_modules\express\lib\router\route.js:119:3)
    at Layer.handle [as handle_request] (C:\Users\pc\StudioProjects\donghang_f\backend-main\node_modules\express\lib\router\layer.js:95:5)
    at C:\Users\pc\StudioProjects\donghang_f\backend-main\node_modules\express\lib\router\index.js:284:15
    at Function.process_params (C:\Users\pc\StudioProjects\donghang_f\backend-main\node_modules\express\lib\router\index.js:346:12)
[2025-05-28T05:17:07.808Z] [ERROR] 소비내역 조회 오류: logger is not defined
ReferenceError: logger is not defined
    at ConsumptionService.getExpenseHistory (C:\Users\pc\StudioProjects\donghang_f\backend-main\src\services\ConsumptionService.js:383:7)
    at AIChatService.getExpenseHistory (C:\Users\pc\StudioProjects\donghang_f\backend-main\src\services\aiChatService.js:423:47)
    at AIChatService.processMessage (C:\Users\pc\StudioProjects\donghang_f\backend-main\src\services\aiChatService.js:951:45)
    at processMessage (C:\Users\pc\StudioProjects\donghang_f\backend-main\src\controllers\aiChatController.js:36:44)
    at Layer.handle [as handle_request] (C:\Users\pc\StudioProjects\donghang_f\backend-main\node_modules\express\lib\router\layer.js:95:5)
    at next (C:\Users\pc\StudioProjects\donghang_f\backend-main\node_modules\express\lib\router\route.js:149:13)
    at Route.dispatch (C:\Users\pc\StudioProjects\donghang_f\backend-main\node_modules\express\lib\router\route.js:119:3)
    at Layer.handle [as handle_request] (C:\Users\pc\StudioProjects\donghang_f\backend-main\node_modules\express\lib\router\layer.js:95:5)
    at C:\Users\pc\StudioProjects\donghang_f\backend-main\node_modules\express\lib\router\index.js:284:15
    at Function.process_params (C:\Users\pc\StudioProjects\donghang_f\backend-main\node_modules\express\lib\router\index.js:346:12)
[2025-05-28T05:18:03.310Z] [ERROR] 소비내역 조회 오류: logger is not defined
ReferenceError: logger is not defined
    at ConsumptionService.getExpenseHistory (C:\Users\pc\StudioProjects\donghang_f\backend-main\src\services\ConsumptionService.js:383:7)
    at AIChatService.getExpenseHistory (C:\Users\pc\StudioProjects\donghang_f\backend-main\src\services\aiChatService.js:423:47)
    at AIChatService.processMessage (C:\Users\pc\StudioProjects\donghang_f\backend-main\src\services\aiChatService.js:951:45)
    at processMessage (C:\Users\pc\StudioProjects\donghang_f\backend-main\src\controllers\aiChatController.js:36:44)
    at Layer.handle [as handle_request] (C:\Users\pc\StudioProjects\donghang_f\backend-main\node_modules\express\lib\router\layer.js:95:5)
    at next (C:\Users\pc\StudioProjects\donghang_f\backend-main\node_modules\express\lib\router\route.js:149:13)
    at Route.dispatch (C:\Users\pc\StudioProjects\donghang_f\backend-main\node_modules\express\lib\router\route.js:119:3)
    at Layer.handle [as handle_request] (C:\Users\pc\StudioProjects\donghang_f\backend-main\node_modules\express\lib\router\layer.js:95:5)
    at C:\Users\pc\StudioProjects\donghang_f\backend-main\node_modules\express\lib\router\index.js:284:15
    at Function.process_params (C:\Users\pc\StudioProjects\donghang_f\backend-main\node_modules\express\lib\router\index.js:346:12)
[2025-05-28T05:18:03.310Z] [ERROR] 소비내역 조회 오류: logger is not defined
ReferenceError: logger is not defined
    at ConsumptionService.getExpenseHistory (C:\Users\pc\StudioProjects\donghang_f\backend-main\src\services\ConsumptionService.js:383:7)
    at AIChatService.getExpenseHistory (C:\Users\pc\StudioProjects\donghang_f\backend-main\src\services\aiChatService.js:423:47)
    at AIChatService.processMessage (C:\Users\pc\StudioProjects\donghang_f\backend-main\src\services\aiChatService.js:951:45)
    at processMessage (C:\Users\pc\StudioProjects\donghang_f\backend-main\src\controllers\aiChatController.js:36:44)
    at Layer.handle [as handle_request] (C:\Users\pc\StudioProjects\donghang_f\backend-main\node_modules\express\lib\router\layer.js:95:5)
    at next (C:\Users\pc\StudioProjects\donghang_f\backend-main\node_modules\express\lib\router\route.js:149:13)
    at Route.dispatch (C:\Users\pc\StudioProjects\donghang_f\backend-main\node_modules\express\lib\router\route.js:119:3)
    at Layer.handle [as handle_request] (C:\Users\pc\StudioProjects\donghang_f\backend-main\node_modules\express\lib\router\layer.js:95:5)
    at C:\Users\pc\StudioProjects\donghang_f\backend-main\node_modules\express\lib\router\index.js:284:15
    at Function.process_params (C:\Users\pc\StudioProjects\donghang_f\backend-main\node_modules\express\lib\router\index.js:346:12)
[2025-05-28T05:18:30.632Z] [ERROR] 소비내역 조회 오류: logger is not defined
ReferenceError: logger is not defined
    at ConsumptionService.getExpenseHistory (C:\Users\pc\StudioProjects\donghang_f\backend-main\src\services\ConsumptionService.js:383:7)
    at AIChatService.getExpenseHistory (C:\Users\pc\StudioProjects\donghang_f\backend-main\src\services\aiChatService.js:423:47)
    at AIChatService.processMessage (C:\Users\pc\StudioProjects\donghang_f\backend-main\src\services\aiChatService.js:951:45)
    at processMessage (C:\Users\pc\StudioProjects\donghang_f\backend-main\src\controllers\aiChatController.js:36:44)
    at Layer.handle [as handle_request] (C:\Users\pc\StudioProjects\donghang_f\backend-main\node_modules\express\lib\router\layer.js:95:5)
    at next (C:\Users\pc\StudioProjects\donghang_f\backend-main\node_modules\express\lib\router\route.js:149:13)
    at Route.dispatch (C:\Users\pc\StudioProjects\donghang_f\backend-main\node_modules\express\lib\router\route.js:119:3)
    at Layer.handle [as handle_request] (C:\Users\pc\StudioProjects\donghang_f\backend-main\node_modules\express\lib\router\layer.js:95:5)
    at C:\Users\pc\StudioProjects\donghang_f\backend-main\node_modules\express\lib\router\index.js:284:15
    at Function.process_params (C:\Users\pc\StudioProjects\donghang_f\backend-main\node_modules\express\lib\router\index.js:346:12)
[2025-05-28T05:18:30.636Z] [ERROR] 소비내역 조회 오류: logger is not defined
ReferenceError: logger is not defined
    at ConsumptionService.getExpenseHistory (C:\Users\pc\StudioProjects\donghang_f\backend-main\src\services\ConsumptionService.js:383:7)
    at AIChatService.getExpenseHistory (C:\Users\pc\StudioProjects\donghang_f\backend-main\src\services\aiChatService.js:423:47)
    at AIChatService.processMessage (C:\Users\pc\StudioProjects\donghang_f\backend-main\src\services\aiChatService.js:951:45)
    at processMessage (C:\Users\pc\StudioProjects\donghang_f\backend-main\src\controllers\aiChatController.js:36:44)
    at Layer.handle [as handle_request] (C:\Users\pc\StudioProjects\donghang_f\backend-main\node_modules\express\lib\router\layer.js:95:5)
    at next (C:\Users\pc\StudioProjects\donghang_f\backend-main\node_modules\express\lib\router\route.js:149:13)
    at Route.dispatch (C:\Users\pc\StudioProjects\donghang_f\backend-main\node_modules\express\lib\router\route.js:119:3)
    at Layer.handle [as handle_request] (C:\Users\pc\StudioProjects\donghang_f\backend-main\node_modules\express\lib\router\layer.js:95:5)
    at C:\Users\pc\StudioProjects\donghang_f\backend-main\node_modules\express\lib\router\index.js:284:15
    at Function.process_params (C:\Users\pc\StudioProjects\donghang_f\backend-main\node_modules\express\lib\router\index.js:346:12)
[2025-05-28T05:31:26.621Z] [ERROR] 복지서비스 상세 조회 오류: "nan" 이름의 칼럼은 없습니다
Error
    at Query.run (C:\Users\pc\StudioProjects\donghang_f\backend-main\node_modules\sequelize\lib\dialects\postgres\query.js:50:25)
    at C:\Users\pc\StudioProjects\donghang_f\backend-main\node_modules\sequelize\lib\sequelize.js:315:28
    at async PostgresQueryInterface.select (C:\Users\pc\StudioProjects\donghang_f\backend-main\node_modules\sequelize\lib\dialects\abstract\query-interface.js:407:12)
    at async Welfare.findAll (C:\Users\pc\StudioProjects\donghang_f\backend-main\node_modules\sequelize\lib\model.js:1140:21)
    at async Welfare.findOne (C:\Users\pc\StudioProjects\donghang_f\backend-main\node_modules\sequelize\lib\model.js:1240:12)
    at async WelfareService.getWelfareById (C:\Users\pc\StudioProjects\donghang_f\backend-main\src\services\WelfareService.js:40:23)
    at async getWelfareServiceDetail (C:\Users\pc\StudioProjects\donghang_f\backend-main\src\controllers\WelfareSyncController.js:96:23)
[2025-05-28T05:49:00.983Z] [ERROR] 복지서비스 상세 조회 오류: "nan" 이름의 칼럼은 없습니다
Error
    at Query.run (C:\Users\pc\StudioProjects\donghang_f\backend-main\node_modules\sequelize\lib\dialects\postgres\query.js:50:25)
    at C:\Users\pc\StudioProjects\donghang_f\backend-main\node_modules\sequelize\lib\sequelize.js:315:28
    at async PostgresQueryInterface.select (C:\Users\pc\StudioProjects\donghang_f\backend-main\node_modules\sequelize\lib\dialects\abstract\query-interface.js:407:12)
    at async Welfare.findAll (C:\Users\pc\StudioProjects\donghang_f\backend-main\node_modules\sequelize\lib\model.js:1140:21)
    at async Welfare.findOne (C:\Users\pc\StudioProjects\donghang_f\backend-main\node_modules\sequelize\lib\model.js:1240:12)
    at async WelfareService.getWelfareById (C:\Users\pc\StudioProjects\donghang_f\backend-main\src\services\WelfareService.js:40:23)
    at async getWelfareServiceDetail (C:\Users\pc\StudioProjects\donghang_f\backend-main\src\controllers\WelfareSyncController.js:96:23)
[2025-05-28T05:49:59.223Z] [ERROR] 복지서비스 상세 조회 오류: "nan" 이름의 칼럼은 없습니다
Error
    at Query.run (C:\Users\pc\StudioProjects\donghang_f\backend-main\node_modules\sequelize\lib\dialects\postgres\query.js:50:25)
    at C:\Users\pc\StudioProjects\donghang_f\backend-main\node_modules\sequelize\lib\sequelize.js:315:28
    at async PostgresQueryInterface.select (C:\Users\pc\StudioProjects\donghang_f\backend-main\node_modules\sequelize\lib\dialects\abstract\query-interface.js:407:12)
    at async Welfare.findAll (C:\Users\pc\StudioProjects\donghang_f\backend-main\node_modules\sequelize\lib\model.js:1140:21)
    at async Welfare.findOne (C:\Users\pc\StudioProjects\donghang_f\backend-main\node_modules\sequelize\lib\model.js:1240:12)
    at async WelfareService.getWelfareById (C:\Users\pc\StudioProjects\donghang_f\backend-main\src\services\WelfareService.js:40:23)
    at async getWelfareServiceDetail (C:\Users\pc\StudioProjects\donghang_f\backend-main\src\controllers\WelfareSyncController.js:96:23)
[2025-05-28T05:59:58.325Z] [ERROR] 복지서비스 상세 조회 오류: "nan" 이름의 칼럼은 없습니다
Error
    at Query.run (C:\Users\pc\StudioProjects\donghang_f\backend-main\node_modules\sequelize\lib\dialects\postgres\query.js:50:25)
    at C:\Users\pc\StudioProjects\donghang_f\backend-main\node_modules\sequelize\lib\sequelize.js:315:28
    at async PostgresQueryInterface.select (C:\Users\pc\StudioProjects\donghang_f\backend-main\node_modules\sequelize\lib\dialects\abstract\query-interface.js:407:12)
    at async Welfare.findAll (C:\Users\pc\StudioProjects\donghang_f\backend-main\node_modules\sequelize\lib\model.js:1140:21)
    at async Welfare.findOne (C:\Users\pc\StudioProjects\donghang_f\backend-main\node_modules\sequelize\lib\model.js:1240:12)
    at async WelfareService.getWelfareById (C:\Users\pc\StudioProjects\donghang_f\backend-main\src\services\WelfareService.js:40:23)
    at async getWelfareServiceDetail (C:\Users\pc\StudioProjects\donghang_f\backend-main\src\controllers\WelfareSyncController.js:96:23)
[2025-05-28T06:09:03.138Z] [ERROR] 복지서비스 상세 조회 오류: "nan" 이름의 칼럼은 없습니다
Error
    at Query.run (C:\Users\pc\StudioProjects\donghang_f\backend-main\node_modules\sequelize\lib\dialects\postgres\query.js:50:25)
    at C:\Users\pc\StudioProjects\donghang_f\backend-main\node_modules\sequelize\lib\sequelize.js:315:28
    at async PostgresQueryInterface.select (C:\Users\pc\StudioProjects\donghang_f\backend-main\node_modules\sequelize\lib\dialects\abstract\query-interface.js:407:12)
    at async Welfare.findAll (C:\Users\pc\StudioProjects\donghang_f\backend-main\node_modules\sequelize\lib\model.js:1140:21)
    at async Welfare.findOne (C:\Users\pc\StudioProjects\donghang_f\backend-main\node_modules\sequelize\lib\model.js:1240:12)
    at async WelfareService.getWelfareById (C:\Users\pc\StudioProjects\donghang_f\backend-main\src\services\WelfareService.js:40:23)
    at async getWelfareServiceDetail (C:\Users\pc\StudioProjects\donghang_f\backend-main\src\controllers\WelfareSyncController.js:96:23)
[2025-05-28T06:09:07.934Z] [ERROR] 복지서비스 상세 조회 오류: "nan" 이름의 칼럼은 없습니다
Error
    at Query.run (C:\Users\pc\StudioProjects\donghang_f\backend-main\node_modules\sequelize\lib\dialects\postgres\query.js:50:25)
    at C:\Users\pc\StudioProjects\donghang_f\backend-main\node_modules\sequelize\lib\sequelize.js:315:28
    at async PostgresQueryInterface.select (C:\Users\pc\StudioProjects\donghang_f\backend-main\node_modules\sequelize\lib\dialects\abstract\query-interface.js:407:12)
    at async Welfare.findAll (C:\Users\pc\StudioProjects\donghang_f\backend-main\node_modules\sequelize\lib\model.js:1140:21)
    at async Welfare.findOne (C:\Users\pc\StudioProjects\donghang_f\backend-main\node_modules\sequelize\lib\model.js:1240:12)
    at async WelfareService.getWelfareById (C:\Users\pc\StudioProjects\donghang_f\backend-main\src\services\WelfareService.js:40:23)
    at async getWelfareServiceDetail (C:\Users\pc\StudioProjects\donghang_f\backend-main\src\controllers\WelfareSyncController.js:96:23)
[2025-05-28T06:12:02.802Z] [ERROR] 복지서비스 상세 조회 오류: "nan" 이름의 칼럼은 없습니다
Error
    at Query.run (C:\Users\pc\StudioProjects\donghang_f\backend-main\node_modules\sequelize\lib\dialects\postgres\query.js:50:25)
    at C:\Users\pc\StudioProjects\donghang_f\backend-main\node_modules\sequelize\lib\sequelize.js:315:28
    at async PostgresQueryInterface.select (C:\Users\pc\StudioProjects\donghang_f\backend-main\node_modules\sequelize\lib\dialects\abstract\query-interface.js:407:12)
    at async Welfare.findAll (C:\Users\pc\StudioProjects\donghang_f\backend-main\node_modules\sequelize\lib\model.js:1140:21)
    at async Welfare.findOne (C:\Users\pc\StudioProjects\donghang_f\backend-main\node_modules\sequelize\lib\model.js:1240:12)
    at async WelfareService.getWelfareById (C:\Users\pc\StudioProjects\donghang_f\backend-main\src\services\WelfareService.js:40:23)
    at async getWelfareServiceDetail (C:\Users\pc\StudioProjects\donghang_f\backend-main\src\controllers\WelfareSyncController.js:96:23)
[2025-05-28T06:17:41.247Z] [ERROR] 복지서비스 상세 조회 오류: "nan" 이름의 칼럼은 없습니다
Error
    at Query.run (C:\Users\pc\StudioProjects\donghang_f\backend-main\node_modules\sequelize\lib\dialects\postgres\query.js:50:25)
    at C:\Users\pc\StudioProjects\donghang_f\backend-main\node_modules\sequelize\lib\sequelize.js:315:28
    at async PostgresQueryInterface.select (C:\Users\pc\StudioProjects\donghang_f\backend-main\node_modules\sequelize\lib\dialects\abstract\query-interface.js:407:12)
    at async Welfare.findAll (C:\Users\pc\StudioProjects\donghang_f\backend-main\node_modules\sequelize\lib\model.js:1140:21)
    at async Welfare.findOne (C:\Users\pc\StudioProjects\donghang_f\backend-main\node_modules\sequelize\lib\model.js:1240:12)
    at async WelfareService.getWelfareById (C:\Users\pc\StudioProjects\donghang_f\backend-main\src\services\WelfareService.js:40:23)
    at async getWelfareServiceDetail (C:\Users\pc\StudioProjects\donghang_f\backend-main\src\controllers\WelfareSyncController.js:96:23)
